{
  "RSpec": {
    "coverage": {
      "/Users/swan/rails_projects/clones/eat_vegan/spec/helpers/restaurants_helper_spec.rb": [
        1,
        null,
        null,
        null,
        null,
        null,
        null,
        null,
        null,
        null,
        null,
        null,
        1,
        1,
        null
      ],
      "/Users/swan/rails_projects/clones/eat_vegan/spec/integration/creating_restaurants_spec.rb": [
        1,
        null,
        1,
        1,
        1,
        1,
        1,
        1,
        1,
        1,
        1,
        1,
        null,
        null
      ],
      "/Users/swan/rails_projects/clones/eat_vegan/spec/integration/editing_restauraunts_spec.rb": [
        null,
        null,
        null,
        null,
        null,
        null,
        null,
        null,
        null,
        null,
        null,
        null,
        null,
        null
      ],
      "/Users/swan/rails_projects/clones/eat_vegan/spec/models/restaurant_spec.rb": [
        null,
        null,
        null,
        null,
        null,
        null,
        null,
        null,
        null,
        null,
        null,
        null,
        null,
        null,
        1,
        null,
        1,
        1,
        null
      ]
    },
    "timestamp": 1370844062
  }
}
